[debug] [2023-05-17T10:49:15.851Z] ----------------------------------------------------------------------
[debug] [2023-05-17T10:49:15.852Z] Command:       C:\Program Files\nodejs\node.exe C:\Users\HP\AppData\Roaming\npm\node_modules\firebase-tools\lib\bin\firebase.js init hosting
[debug] [2023-05-17T10:49:15.853Z] CLI Version:   12.0.1
[debug] [2023-05-17T10:49:15.853Z] Platform:      win32
[debug] [2023-05-17T10:49:15.853Z] Node Version:  v18.16.0
[debug] [2023-05-17T10:49:15.855Z] Time:          Wed May 17 2023 16:19:15 GMT+0530 (India Standard Time)
[debug] [2023-05-17T10:49:15.855Z] ----------------------------------------------------------------------
[debug] 
[debug] [2023-05-17T10:49:15.974Z] Object "" in "firebase.json" has unknown property: {"additionalProperty":"apiKey"}
[debug] [2023-05-17T10:49:15.983Z] > command requires scopes: ["email","openid","https://www.googleapis.com/auth/cloudplatformprojects.readonly","https://www.googleapis.com/auth/firebase","https://www.googleapis.com/auth/cloud-platform"]
[debug] [2023-05-17T10:49:15.984Z] > authorizing via signed-in user (gauravmadan2004@gmail.com)
[debug] [2023-05-17T10:49:15.986Z] Object "" in "firebase.json" has unknown property: {"additionalProperty":"apiKey"}
[info] 
     ######## #### ########  ######## ########     ###     ######  ########
     ##        ##  ##     ## ##       ##     ##  ##   ##  ##       ##
     ######    ##  ########  ######   ########  #########  ######  ######
     ##        ##  ##    ##  ##       ##     ## ##     ##       ## ##
     ##       #### ##     ## ######## ########  ##     ##  ######  ########

You're about to initialize a Firebase project in this directory:

  G:\ESD Grocery Management System

Before we get started, keep in mind:

  * You are initializing within an existing Firebase project directory

[info] 
=== Project Setup
[info] 
[info] First, let's associate this project directory with a Firebase project.
[info] You can create multiple project aliases by running firebase use --add, 
[info] but for now we'll just set up a default project.
[info] 
[debug] [2023-05-17T10:49:20.474Z] Using project from CLI flag: grocery-43557
[debug] [2023-05-17T10:49:20.478Z] >>> [apiv2][query] GET https://firebase.googleapis.com/v1beta1/projects/grocery-43557 [none]
[debug] [2023-05-17T10:49:20.978Z] <<< [apiv2][status] GET https://firebase.googleapis.com/v1beta1/projects/grocery-43557 200
[debug] [2023-05-17T10:49:20.979Z] <<< [apiv2][body] GET https://firebase.googleapis.com/v1beta1/projects/grocery-43557 {"projectId":"grocery-43557","projectNumber":"749047107595","displayName":"Grocery","name":"projects/grocery-43557","resources":{"hostingSite":"grocery-43557","realtimeDatabaseInstance":"grocery-43557-default-rtdb"},"state":"ACTIVE","etag":"1_6e53f948-3c37-4ae8-9c7d-8756ca74f94c"}
[info] i  Using project grocery-43557 (Grocery) 
[info] 
=== Hosting Setup
[info] 
[info] Your public directory is the folder (relative to your project directory) that
[info] will contain Hosting assets to be uploaded with firebase deploy. If you
[info] have a build process for your assets, use your build's output directory.
[info] 
[info] +  Wrote public/404.html 
[debug] [2023-05-17T10:49:55.675Z] >>> [apiv2][query] GET https://www.gstatic.com/firebasejs/releases.json [none]
[debug] [2023-05-17T10:49:55.778Z] <<< [apiv2][status] GET https://www.gstatic.com/firebasejs/releases.json 200
[debug] [2023-05-17T10:49:55.778Z] <<< [apiv2][body] GET https://www.gstatic.com/firebasejs/releases.json {"current":{"version":"9.22.0","browserURL":"https://www.gstatic.com/firebasejs/9.22.0/firebase.js","packageURL":"https://www.gstatic.com/firebasejs/9.22.0/firebase.tgz"},"live":{"version":"9.22","browserURL":"https://www.gstatic.com/firebasejs/live/9.22/firebase.js","packageURL":"https://www.gstatic.com/firebasejs/live/9.22/firebase.tgz"},"components":{"analytics":"https://www.gstatic.com/firebasejs/9.22.0/firebase-analytics.js","app":"https://www.gstatic.com/firebasejs/9.22.0/firebase-app.js","app-check":"https://www.gstatic.com/firebasejs/9.22.0/firebase-app-check.js","auth":"https://www.gstatic.com/firebasejs/9.22.0/firebase-auth.js","auth/cordova":"https://www.gstatic.com/firebasejs/9.22.0/firebase-auth/cordova.js","auth/react-native":"https://www.gstatic.com/firebasejs/9.22.0/firebase-auth/react-native.js","functions":"https://www.gstatic.com/firebasejs/9.22.0/firebase-functions.js","firestore":"https://www.gstatic.com/firebasejs/9.22.0/firebase-firestore.js","firestore/lite":"https://www.gstatic.com/firebasejs/9.22.0/firebase-firestore/lite.js","installations":"https://www.gstatic.com/firebasejs/9.22.0/firebase-installations.js","storage":"https://www.gstatic.com/firebasejs/9.22.0/firebase-storage.js","performance":"https://www.gstatic.com/firebasejs/9.22.0/firebase-performance.js","remote-config":"https://www.gstatic.com/firebasejs/9.22.0/firebase-remote-config.js","messaging":"https://www.gstatic.com/firebasejs/9.22.0/firebase-messaging.js","messaging/sw":"https://www.gstatic.com/firebasejs/9.22.0/firebase-messaging/sw.js","database":"https://www.gstatic.com/firebasejs/9.22.0/firebase-database.js","firestore.memory":"https://www.gstatic.com/firebasejs/9.22.0/firebase-firestore.memory.js"}}
[info] +  Wrote public/index.html 
[info] 
[info] i  Didn't detect a .git folder. Assuming G:\ESD Grocery Management System is the project root. 
[info] i  Authorizing with GitHub to upload your service account to a GitHub repository's secrets store. 
[info] 
[info] Visit this URL on this device to log in:
[info] https://github.com/login/oauth/authorize?client_id=89cf50f02ac6aaed3484&state=415239301&redirect_uri=http%3A%2F%2Flocalhost%3A9005&scope=read%3Auser%20repo%20public_repo
[info] 
[info] Waiting for authentication...
[debug] [2023-05-17T10:50:22.483Z] >>> [apiv2][query] POST https://github.com/login/oauth/access_token [none]
[debug] [2023-05-17T10:50:22.484Z] >>> [apiv2][body] POST https://github.com/login/oauth/access_token [stream]
[debug] [2023-05-17T10:50:22.872Z] <<< [apiv2][status] POST https://github.com/login/oauth/access_token 200
[debug] [2023-05-17T10:50:22.872Z] <<< [apiv2][body] POST https://github.com/login/oauth/access_token {"access_token":"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","token_type":"bearer","scope":"read:user,repo"}
[debug] [2023-05-17T10:50:22.894Z] >>> [apiv2][query] GET https://api.github.com/user [none]
[debug] [2023-05-17T10:50:23.270Z] <<< [apiv2][status] GET https://api.github.com/user 200
[debug] [2023-05-17T10:50:23.270Z] <<< [apiv2][body] GET https://api.github.com/user {"login":"gauravmad","id":103850488,"node_id":"U_kgDOBjCh-A","avatar_url":"https://avatars.githubusercontent.com/u/103850488?v=4","gravatar_id":"","url":"https://api.github.com/users/gauravmad","html_url":"https://github.com/gauravmad","followers_url":"https://api.github.com/users/gauravmad/followers","following_url":"https://api.github.com/users/gauravmad/following{/other_user}","gists_url":"https://api.github.com/users/gauravmad/gists{/gist_id}","starred_url":"https://api.github.com/users/gauravmad/starred{/owner}{/repo}","subscriptions_url":"https://api.github.com/users/gauravmad/subscriptions","organizations_url":"https://api.github.com/users/gauravmad/orgs","repos_url":"https://api.github.com/users/gauravmad/repos","events_url":"https://api.github.com/users/gauravmad/events{/privacy}","received_events_url":"https://api.github.com/users/gauravmad/received_events","type":"User","site_admin":false,"name":"Gaurav Madan","company":"Student","blog":"","location":"Mumbai, Maharashtra","email":null,"hireable":null,"bio":"Computer Engineering Student                        \r\nPassionate Web Developer\r\n\r\n","twitter_username":null,"public_repos":22,"public_gists":0,"followers":0,"following":0,"created_at":"2022-04-16T18:01:48Z","updated_at":"2023-05-17T09:18:49Z","private_gists":0,"total_private_repos":2,"owned_private_repos":2,"disk_usage":125749,"collaborators":0,"two_factor_authentication":false,"plan":{"name":"free","space":976562499,"collaborators":0,"private_repos":10000}}
[info] 
[info] +  Success! Logged into GitHub as gauravmad 
[info] 
